::1 - - [05/Jun/2020:14:00:58 +0000] "GET /favicon.ico HTTP/1.1" 404 150 "http://localhost:5000/users/register" "Mozilla/5.0 (Windows NT 10.0; Win64; x64) AppleWebKit/537.36 (KHTML, like Gecko) Chrome/80.0.3987.163 Safari/537.36"
::1 - - [05/Jun/2020:14:13:36 +0000] "POST /users/register HTTP/1.1" 500 749 "http://localhost:5000/users/register" "Mozilla/5.0 (Windows NT 10.0; Win64; x64) AppleWebKit/537.36 (KHTML, like Gecko) Chrome/80.0.3987.163 Safari/537.36"
::1 - - [05/Jun/2020:14:49:48 +0000] "POST /users/login HTTP/1.1" 500 - "http://localhost:5000/users/login" "Mozilla/5.0 (Windows NT 10.0; Win64; x64) AppleWebKit/537.36 (KHTML, like Gecko) Chrome/80.0.3987.163 Safari/537.36"
::1 - - [05/Jun/2020:14:50:34 +0000] "POST /users/login HTTP/1.1" 500 - "http://localhost:5000/users/login" "Mozilla/5.0 (Windows NT 10.0; Win64; x64) AppleWebKit/537.36 (KHTML, like Gecko) Chrome/80.0.3987.163 Safari/537.36"
::1 - - [05/Jun/2020:16:01:59 +0000] "POST /admin/add-product HTTP/1.1" 500 267 "http://localhost:5000/admin/add-product" "Mozilla/5.0 (Windows NT 10.0; Win64; x64) AppleWebKit/537.36 (KHTML, like Gecko) Chrome/80.0.3987.163 Safari/537.36"
::1 - - [05/Jun/2020:16:03:41 +0000] "POST /admin/add-product HTTP/1.1" 500 189 "http://localhost:5000/admin/add-product" "Mozilla/5.0 (Windows NT 10.0; Win64; x64) AppleWebKit/537.36 (KHTML, like Gecko) Chrome/80.0.3987.163 Safari/537.36"
::1 - - [05/Jun/2020:23:02:07 +0000] "GET /admin/add-product HTTP/1.1" 500 - "-" "Mozilla/5.0 (Windows NT 10.0; Win64; x64) AppleWebKit/537.36 (KHTML, like Gecko) Chrome/80.0.3987.163 Safari/537.36"
::1 - - [05/Jun/2020:23:02:15 +0000] "GET /users/login HTTP/1.1" 500 - "-" "Mozilla/5.0 (Windows NT 10.0; Win64; x64) AppleWebKit/537.36 (KHTML, like Gecko) Chrome/80.0.3987.163 Safari/537.36"
::1 - - [05/Jun/2020:23:04:24 +0000] "GET /users/login HTTP/1.1" 500 - "-" "Mozilla/5.0 (Windows NT 10.0; Win64; x64) AppleWebKit/537.36 (KHTML, like Gecko) Chrome/80.0.3987.163 Safari/537.36"
::1 - - [05/Jun/2020:23:04:26 +0000] "GET /users/register HTTP/1.1" 500 - "-" "Mozilla/5.0 (Windows NT 10.0; Win64; x64) AppleWebKit/537.36 (KHTML, like Gecko) Chrome/80.0.3987.163 Safari/537.36"
::1 - - [05/Jun/2020:23:04:29 +0000] "GET /users/register HTTP/1.1" 500 - "-" "Mozilla/5.0 (Windows NT 10.0; Win64; x64) AppleWebKit/537.36 (KHTML, like Gecko) Chrome/80.0.3987.163 Safari/537.36"
::1 - - [05/Jun/2020:23:31:45 +0000] "GET /users/register HTTP/1.1" 500 - "-" "Mozilla/5.0 (Windows NT 10.0; Win64; x64) AppleWebKit/537.36 (KHTML, like Gecko) Chrome/80.0.3987.163 Safari/537.36"
::1 - - [05/Jun/2020:23:44:29 +0000] "GET /users/register HTTP/1.1" 500 - "-" "Mozilla/5.0 (Windows NT 10.0; Win64; x64) AppleWebKit/537.36 (KHTML, like Gecko) Chrome/80.0.3987.163 Safari/537.36"
::1 - - [05/Jun/2020:23:45:16 +0000] "GET /users/register HTTP/1.1" 500 - "-" "Mozilla/5.0 (Windows NT 10.0; Win64; x64) AppleWebKit/537.36 (KHTML, like Gecko) Chrome/80.0.3987.163 Safari/537.36"
::1 - - [05/Jun/2020:23:48:44 +0000] "POST /users/register HTTP/1.1" 403 18 "http://localhost:5000/users/register" "Mozilla/5.0 (Windows NT 10.0; Win64; x64) AppleWebKit/537.36 (KHTML, like Gecko) Chrome/80.0.3987.163 Safari/537.36"
::1 - - [05/Jun/2020:23:49:49 +0000] "POST /users/register HTTP/1.1" 403 - "http://localhost:5000/users/register" "Mozilla/5.0 (Windows NT 10.0; Win64; x64) AppleWebKit/537.36 (KHTML, like Gecko) Chrome/80.0.3987.163 Safari/537.36"
::1 - - [05/Jun/2020:23:51:55 +0000] "POST /users/register HTTP/1.1" 403 - "http://localhost:5000/users/register" "Mozilla/5.0 (Windows NT 10.0; Win64; x64) AppleWebKit/537.36 (KHTML, like Gecko) Chrome/80.0.3987.163 Safari/537.36"
::1 - - [05/Jun/2020:23:53:08 +0000] "GET /favicon.ico HTTP/1.1" 500 - "http://localhost:5000/users/register" "Mozilla/5.0 (Windows NT 10.0; Win64; x64) AppleWebKit/537.36 (KHTML, like Gecko) Chrome/80.0.3987.163 Safari/537.36"
::1 - - [05/Jun/2020:23:53:17 +0000] "POST /users/register HTTP/1.1" 500 - "http://localhost:5000/users/register" "Mozilla/5.0 (Windows NT 10.0; Win64; x64) AppleWebKit/537.36 (KHTML, like Gecko) Chrome/80.0.3987.163 Safari/537.36"
::1 - - [06/Jun/2020:00:01:36 +0000] "GET /favicon.ico HTTP/1.1" 500 - "http://localhost:5000/users/register" "Mozilla/5.0 (Windows NT 10.0; Win64; x64) AppleWebKit/537.36 (KHTML, like Gecko) Chrome/80.0.3987.163 Safari/537.36"
::1 - - [06/Jun/2020:00:01:47 +0000] "POST /users/register HTTP/1.1" 500 - "http://localhost:5000/users/register" "Mozilla/5.0 (Windows NT 10.0; Win64; x64) AppleWebKit/537.36 (KHTML, like Gecko) Chrome/80.0.3987.163 Safari/537.36"
::1 - - [06/Jun/2020:00:01:55 +0000] "GET /favicon.ico HTTP/1.1" 500 - "http://localhost:5000/users/register" "Mozilla/5.0 (Windows NT 10.0; Win64; x64) AppleWebKit/537.36 (KHTML, like Gecko) Chrome/80.0.3987.163 Safari/537.36"
::1 - - [06/Jun/2020:00:01:57 +0000] "GET /favicon.ico HTTP/1.1" 500 - "http://localhost:5000/users/" "Mozilla/5.0 (Windows NT 10.0; Win64; x64) AppleWebKit/537.36 (KHTML, like Gecko) Chrome/80.0.3987.163 Safari/537.36"
::1 - - [06/Jun/2020:00:13:54 +0000] "GET /users/login HTTP/1.1" 500 - "-" "Mozilla/5.0 (Windows NT 10.0; Win64; x64) AppleWebKit/537.36 (KHTML, like Gecko) Chrome/80.0.3987.163 Safari/537.36"
::1 - - [06/Jun/2020:00:16:08 +0000] "POST /users/register HTTP/1.1" 403 18 "http://localhost:5000/users/register" "Mozilla/5.0 (Windows NT 10.0; Win64; x64) AppleWebKit/537.36 (KHTML, like Gecko) Chrome/80.0.3987.163 Safari/537.36"
::1 - - [06/Jun/2020:00:20:00 +0000] "POST /users/register HTTP/1.1" 403 18 "http://localhost:5000/users/register" "Mozilla/5.0 (Windows NT 10.0; Win64; x64) AppleWebKit/537.36 (KHTML, like Gecko) Chrome/80.0.3987.163 Safari/537.36"
::1 - - [06/Jun/2020:00:21:40 +0000] "POST /users/register HTTP/1.1" 403 18 "http://localhost:5000/users/register" "Mozilla/5.0 (Windows NT 10.0; Win64; x64) AppleWebKit/537.36 (KHTML, like Gecko) Chrome/80.0.3987.163 Safari/537.36"
::1 - - [06/Jun/2020:00:31:10 +0000] "GET /favicon.ico HTTP/1.1" 500 - "http://localhost:5000/users/register" "Mozilla/5.0 (Windows NT 10.0; Win64; x64) AppleWebKit/537.36 (KHTML, like Gecko) Chrome/80.0.3987.163 Safari/537.36"
::1 - - [06/Jun/2020:00:31:17 +0000] "GET /users/login HTTP/1.1" 500 - "-" "Mozilla/5.0 (Windows NT 10.0; Win64; x64) AppleWebKit/537.36 (KHTML, like Gecko) Chrome/80.0.3987.163 Safari/537.36"
::1 - - [06/Jun/2020:00:31:20 +0000] "GET /users/login HTTP/1.1" 500 - "-" "Mozilla/5.0 (Windows NT 10.0; Win64; x64) AppleWebKit/537.36 (KHTML, like Gecko) Chrome/80.0.3987.163 Safari/537.36"
::1 - - [06/Jun/2020:00:34:15 +0000] "POST /users/login HTTP/1.1" 403 18 "http://localhost:5000/users/login" "Mozilla/5.0 (Windows NT 10.0; Win64; x64) AppleWebKit/537.36 (KHTML, like Gecko) Chrome/80.0.3987.163 Safari/537.36"
::1 - - [06/Jun/2020:00:34:24 +0000] "POST /users/login HTTP/1.1" 403 18 "http://localhost:5000/users/login" "Mozilla/5.0 (Windows NT 10.0; Win64; x64) AppleWebKit/537.36 (KHTML, like Gecko) Chrome/80.0.3987.163 Safari/537.36"
::1 - - [06/Jun/2020:00:34:53 +0000] "GET /users/login HTTP/1.1" 500 - "-" "Mozilla/5.0 (Windows NT 10.0; Win64; x64) AppleWebKit/537.36 (KHTML, like Gecko) Chrome/80.0.3987.163 Safari/537.36"
::1 - - [06/Jun/2020:00:34:57 +0000] "GET /users/login HTTP/1.1" 500 - "-" "Mozilla/5.0 (Windows NT 10.0; Win64; x64) AppleWebKit/537.36 (KHTML, like Gecko) Chrome/80.0.3987.163 Safari/537.36"
::1 - - [06/Jun/2020:00:35:23 +0000] "GET /users/login HTTP/1.1" 500 - "-" "Mozilla/5.0 (Windows NT 10.0; Win64; x64) AppleWebKit/537.36 (KHTML, like Gecko) Chrome/80.0.3987.163 Safari/537.36"
::1 - - [06/Jun/2020:00:46:47 +0000] "GET /users/register HTTP/1.1" 500 - "http://localhost:5000/users/login" "Mozilla/5.0 (Windows NT 10.0; Win64; x64) AppleWebKit/537.36 (KHTML, like Gecko) Chrome/80.0.3987.163 Safari/537.36"
::1 - - [06/Jun/2020:00:49:23 +0000] "POST /users/logout HTTP/1.1" 500 - "http://localhost:5000/users/login" "Mozilla/5.0 (Windows NT 10.0; Win64; x64) AppleWebKit/537.36 (KHTML, like Gecko) Chrome/80.0.3987.163 Safari/537.36"
::1 - - [06/Jun/2020:01:11:02 +0000] "GET /users/register HTTP/1.1" 500 - "-" "Mozilla/5.0 (Windows NT 10.0; Win64; x64) AppleWebKit/537.36 (KHTML, like Gecko) Chrome/80.0.3987.163 Safari/537.36"
::1 - - [06/Jun/2020:01:37:51 +0000] "GET /admin/add-product HTTP/1.1" 500 - "-" "Mozilla/5.0 (Windows NT 10.0; Win64; x64) AppleWebKit/537.36 (KHTML, like Gecko) Chrome/80.0.3987.163 Safari/537.36"
::1 - - [06/Jun/2020:02:06:49 +0000] "GET /admin/add-product HTTP/1.1" 500 - "-" "Mozilla/5.0 (Windows NT 10.0; Win64; x64) AppleWebKit/537.36 (KHTML, like Gecko) Chrome/80.0.3987.163 Safari/537.36"
::1 - - [06/Jun/2020:02:09:36 +0000] "GET /admin/add-product HTTP/1.1" 500 - "-" "Mozilla/5.0 (Windows NT 10.0; Win64; x64) AppleWebKit/537.36 (KHTML, like Gecko) Chrome/80.0.3987.163 Safari/537.36"
::1 - - [06/Jun/2020:02:24:08 +0000] "POST /users/login HTTP/1.1" 403 18 "http://localhost:5000/users/login" "Mozilla/5.0 (Windows NT 10.0; Win64; x64) AppleWebKit/537.36 (KHTML, like Gecko) Chrome/80.0.3987.163 Safari/537.36"
::1 - - [06/Jun/2020:02:26:21 +0000] "POST /users/login HTTP/1.1" 403 18 "http://localhost:5000/users/login" "Mozilla/5.0 (Windows NT 10.0; Win64; x64) AppleWebKit/537.36 (KHTML, like Gecko) Chrome/80.0.3987.163 Safari/537.36"
::1 - - [06/Jun/2020:02:30:28 +0000] "POST /users/login HTTP/1.1" 403 18 "http://localhost:5000/users/login" "Mozilla/5.0 (Windows NT 10.0; Win64; x64) AppleWebKit/537.36 (KHTML, like Gecko) Chrome/81.0.4044.113 Safari/537.36"
::1 - - [06/Jun/2020:02:33:44 +0000] "POST /users/logout HTTP/1.1" 403 18 "http://localhost:5000/users/login" "Mozilla/5.0 (Windows NT 10.0; Win64; x64) AppleWebKit/537.36 (KHTML, like Gecko) Chrome/81.0.4044.113 Safari/537.36"
::1 - - [06/Jun/2020:02:35:44 +0000] "POST /users/login HTTP/1.1" 403 18 "http://localhost:5000/users/login" "Mozilla/5.0 (Windows NT 10.0; Win64; x64) AppleWebKit/537.36 (KHTML, like Gecko) Chrome/81.0.4044.113 Safari/537.36"
::1 - - [06/Jun/2020:02:36:01 +0000] "POST /users/login HTTP/1.1" 403 18 "http://localhost:5000/users/login" "Mozilla/5.0 (Windows NT 10.0; Win64; x64) AppleWebKit/537.36 (KHTML, like Gecko) Chrome/81.0.4044.113 Safari/537.36"
::1 - - [06/Jun/2020:02:36:21 +0000] "POST /users/logout HTTP/1.1" 403 18 "http://localhost:5000/users/login" "Mozilla/5.0 (Windows NT 10.0; Win64; x64) AppleWebKit/537.36 (KHTML, like Gecko) Chrome/81.0.4044.113 Safari/537.36"
::1 - - [06/Jun/2020:02:37:20 +0000] "POST /users/logout HTTP/1.1" 403 - "http://localhost:5000/users/login" "Mozilla/5.0 (Windows NT 10.0; Win64; x64) AppleWebKit/537.36 (KHTML, like Gecko) Chrome/81.0.4044.113 Safari/537.36"
::1 - - [06/Jun/2020:02:44:32 +0000] "POST /users/login HTTP/1.1" 403 2316 "http://localhost:5000/users/login" "Mozilla/5.0 (Windows NT 10.0; Win64; x64) AppleWebKit/537.36 (KHTML, like Gecko) Chrome/81.0.4044.113 Safari/537.36"
::1 - - [06/Jun/2020:02:44:36 +0000] "POST /users/login HTTP/1.1" 403 2316 "http://localhost:5000/users/login" "Mozilla/5.0 (Windows NT 10.0; Win64; x64) AppleWebKit/537.36 (KHTML, like Gecko) Chrome/81.0.4044.113 Safari/537.36"
::1 - - [06/Jun/2020:02:45:26 +0000] "POST /users/login HTTP/1.1" 403 2316 "http://localhost:5000/users/login" "Mozilla/5.0 (Windows NT 10.0; Win64; x64) AppleWebKit/537.36 (KHTML, like Gecko) Chrome/81.0.4044.113 Safari/537.36"
::1 - - [06/Jun/2020:02:45:37 +0000] "POST /users/login HTTP/1.1" 403 2316 "http://localhost:5000/users/login" "Mozilla/5.0 (Windows NT 10.0; Win64; x64) AppleWebKit/537.36 (KHTML, like Gecko) Chrome/81.0.4044.113 Safari/537.36"
::1 - - [06/Jun/2020:02:48:52 +0000] "POST /users/login HTTP/1.1" 403 - "http://localhost:5000/users/login" "Mozilla/5.0 (Windows NT 10.0; Win64; x64) AppleWebKit/537.36 (KHTML, like Gecko) Chrome/81.0.4044.113 Safari/537.36"
::1 - - [06/Jun/2020:23:45:19 +0000] "POST /users/logout HTTP/1.1" 403 18 "http://localhost:5000/" "Mozilla/5.0 (Windows NT 10.0; Win64; x64) AppleWebKit/537.36 (KHTML, like Gecko) Chrome/81.0.4044.113 Safari/537.36"
::1 - - [07/Jun/2020:00:23:43 +0000] "POST /users/register HTTP/1.1" 500 881 "http://localhost:5000/users/register" "Mozilla/5.0 (Windows NT 10.0; Win64; x64) AppleWebKit/537.36 (KHTML, like Gecko) Chrome/81.0.4044.113 Safari/537.36"
::1 - - [07/Jun/2020:01:01:01 +0000] "GET /users/register HTTP/1.1" 500 - "http://localhost:5000/" "Mozilla/5.0 (Windows NT 10.0; Win64; x64) AppleWebKit/537.36 (KHTML, like Gecko) Chrome/81.0.4044.113 Safari/537.36"
::1 - - [07/Jun/2020:01:01:07 +0000] "GET /users/register HTTP/1.1" 500 - "http://localhost:5000/" "Mozilla/5.0 (Windows NT 10.0; Win64; x64) AppleWebKit/537.36 (KHTML, like Gecko) Chrome/81.0.4044.113 Safari/537.36"
::1 - - [07/Jun/2020:01:06:10 +0000] "GET /users/register HTTP/1.1" 500 - "http://localhost:5000/" "Mozilla/5.0 (Windows NT 10.0; Win64; x64) AppleWebKit/537.36 (KHTML, like Gecko) Chrome/81.0.4044.113 Safari/537.36"
::1 - - [07/Jun/2020:01:06:16 +0000] "GET /users/register HTTP/1.1" 500 - "http://localhost:5000/" "Mozilla/5.0 (Windows NT 10.0; Win64; x64) AppleWebKit/537.36 (KHTML, like Gecko) Chrome/81.0.4044.113 Safari/537.36"
::1 - - [07/Jun/2020:01:06:45 +0000] "GET /users/register HTTP/1.1" 500 - "http://localhost:5000/" "Mozilla/5.0 (Windows NT 10.0; Win64; x64) AppleWebKit/537.36 (KHTML, like Gecko) Chrome/81.0.4044.113 Safari/537.36"
::1 - - [07/Jun/2020:01:21:40 +0000] "GET /users/register HTTP/1.1" 500 - "-" "Mozilla/5.0 (Windows NT 10.0; Win64; x64) AppleWebKit/537.36 (KHTML, like Gecko) Chrome/81.0.4044.113 Safari/537.36"
::1 - - [07/Jun/2020:01:23:37 +0000] "GET /users/login HTTP/1.1" 500 - "-" "Mozilla/5.0 (Windows NT 10.0; Win64; x64) AppleWebKit/537.36 (KHTML, like Gecko) Chrome/81.0.4044.113 Safari/537.36"
::1 - - [07/Jun/2020:01:23:40 +0000] "GET /users/login HTTP/1.1" 500 - "-" "Mozilla/5.0 (Windows NT 10.0; Win64; x64) AppleWebKit/537.36 (KHTML, like Gecko) Chrome/81.0.4044.113 Safari/537.36"
::1 - - [07/Jun/2020:08:23:28 +0000] "GET /users/register HTTP/1.1" 500 - "http://localhost:5000/users/register" "Mozilla/5.0 (Windows NT 10.0; Win64; x64) AppleWebKit/537.36 (KHTML, like Gecko) Chrome/81.0.4044.113 Safari/537.36"
::1 - - [07/Jun/2020:08:23:32 +0000] "GET /users/register HTTP/1.1" 500 - "http://localhost:5000/users/register" "Mozilla/5.0 (Windows NT 10.0; Win64; x64) AppleWebKit/537.36 (KHTML, like Gecko) Chrome/81.0.4044.113 Safari/537.36"
::1 - - [07/Jun/2020:09:26:12 +0000] "POST /admin/add-product HTTP/1.1" 500 199 "http://localhost:5000/admin/add-product" "Mozilla/5.0 (Windows NT 10.0; Win64; x64) AppleWebKit/537.36 (KHTML, like Gecko) Chrome/81.0.4044.113 Safari/537.36"
::1 - - [07/Jun/2020:09:58:30 +0000] "POST /admin/add-product HTTP/1.1" 500 243 "http://localhost:5000/admin/add-product" "Mozilla/5.0 (Windows NT 10.0; Win64; x64) AppleWebKit/537.36 (KHTML, like Gecko) Chrome/81.0.4044.113 Safari/537.36"
::1 - - [07/Jun/2020:09:59:42 +0000] "POST /admin/add-product HTTP/1.1" 500 172 "http://localhost:5000/admin/add-product" "Mozilla/5.0 (Windows NT 10.0; Win64; x64) AppleWebKit/537.36 (KHTML, like Gecko) Chrome/81.0.4044.113 Safari/537.36"
::1 - - [07/Jun/2020:10:31:03 +0000] "POST /admin/add-product HTTP/1.1" 500 309 "http://localhost:5000/admin/add-product" "Mozilla/5.0 (Windows NT 10.0; Win64; x64) AppleWebKit/537.36 (KHTML, like Gecko) Chrome/81.0.4044.113 Safari/537.36"
::1 - - [07/Jun/2020:10:32:25 +0000] "POST /admin/add-product HTTP/1.1" 500 - "http://localhost:5000/admin/add-product" "Mozilla/5.0 (Windows NT 10.0; Win64; x64) AppleWebKit/537.36 (KHTML, like Gecko) Chrome/81.0.4044.113 Safari/537.36"
::1 - - [09/Jun/2020:20:19:40 +0000] "POST /admin/add-product HTTP/1.1" 500 886 "http://localhost:5000/admin/add-product" "Mozilla/5.0 (Windows NT 10.0; Win64; x64) AppleWebKit/537.36 (KHTML, like Gecko) Chrome/81.0.4044.113 Safari/537.36"
::1 - - [09/Jun/2020:20:24:22 +0000] "POST /admin/add-product HTTP/1.1" 500 - "http://localhost:5000/admin/add-product" "Mozilla/5.0 (Windows NT 10.0; Win64; x64) AppleWebKit/537.36 (KHTML, like Gecko) Chrome/81.0.4044.113 Safari/537.36"
::1 - - [10/Jun/2020:12:13:29 +0000] "POST /admin/add-product HTTP/1.1" 500 - "http://localhost:5000/admin/add-product" "Mozilla/5.0 (Windows NT 10.0; Win64; x64) AppleWebKit/537.36 (KHTML, like Gecko) Chrome/81.0.4044.113 Safari/537.36"
::1 - - [10/Jun/2020:13:08:13 +0000] "POST /users/logout HTTP/1.1" 403 18 "http://localhost:5000/" "Mozilla/5.0 (Windows NT 10.0; Win64; x64) AppleWebKit/537.36 (KHTML, like Gecko) Chrome/81.0.4044.113 Safari/537.36"
::1 - - [10/Jun/2020:13:09:07 +0000] "POST /users/login HTTP/1.1" 403 18 "http://localhost:5000/users/login" "Mozilla/5.0 (Windows NT 10.0; Win64; x64) AppleWebKit/537.36 (KHTML, like Gecko) Chrome/81.0.4044.113 Safari/537.36"
::1 - - [10/Jun/2020:13:10:00 +0000] "POST /users/login HTTP/1.1" 403 18 "http://localhost:5000/users/login" "Mozilla/5.0 (Windows NT 10.0; Win64; x64) AppleWebKit/537.36 (KHTML, like Gecko) Chrome/81.0.4044.113 Safari/537.36"
::1 - - [10/Jun/2020:13:14:42 +0000] "POST /users/login HTTP/1.1" 403 18 "http://localhost:5000/users/login" "Mozilla/5.0 (Windows NT 10.0; Win64; x64) AppleWebKit/537.36 (KHTML, like Gecko) Chrome/81.0.4044.113 Safari/537.36"
::1 - - [10/Jun/2020:13:16:19 +0000] "POST /users/login HTTP/1.1" 403 18 "http://localhost:5000/users/login" "Mozilla/5.0 (Windows NT 10.0; Win64; x64) AppleWebKit/537.36 (KHTML, like Gecko) Chrome/81.0.4044.113 Safari/537.36"
::1 - - [10/Jun/2020:13:17:43 +0000] "POST /users/login HTTP/1.1" 403 18 "http://localhost:5000/users/login" "Mozilla/5.0 (Windows NT 10.0; Win64; x64) AppleWebKit/537.36 (KHTML, like Gecko) Chrome/81.0.4044.113 Safari/537.36"
::1 - - [10/Jun/2020:13:25:38 +0000] "POST /users/login HTTP/1.1" 403 18 "http://localhost:5000/users/login" "Mozilla/5.0 (Windows NT 10.0; Win64; x64) AppleWebKit/537.36 (KHTML, like Gecko) Chrome/81.0.4044.113 Safari/537.36"
::1 - - [10/Jun/2020:13:47:12 +0000] "POST /users/login HTTP/1.1" 403 18 "http://localhost:5000/users/login" "Mozilla/5.0 (Windows NT 10.0; Win64; x64) AppleWebKit/537.36 (KHTML, like Gecko) Chrome/81.0.4044.113 Safari/537.36"
::1 - - [10/Jun/2020:14:54:39 +0000] "POST /admin/add-product HTTP/1.1" 500 514 "http://localhost:5000/admin/add-product" "Mozilla/5.0 (Windows NT 10.0; Win64; x64) AppleWebKit/537.36 (KHTML, like Gecko) Chrome/81.0.4044.113 Safari/537.36"
::1 - - [10/Jun/2020:14:55:54 +0000] "POST /admin/add-product HTTP/1.1" 500 406 "http://localhost:5000/admin/add-product" "Mozilla/5.0 (Windows NT 10.0; Win64; x64) AppleWebKit/537.36 (KHTML, like Gecko) Chrome/81.0.4044.113 Safari/537.36"
::1 - - [10/Jun/2020:15:00:42 +0000] "POST /admin/add-product HTTP/1.1" 500 406 "http://localhost:5000/admin/add-product" "Mozilla/5.0 (Windows NT 10.0; Win64; x64) AppleWebKit/537.36 (KHTML, like Gecko) Chrome/81.0.4044.113 Safari/537.36"
::1 - - [10/Jun/2020:15:05:49 +0000] "POST /admin/add-product HTTP/1.1" 500 - "http://localhost:5000/admin/add-product" "Mozilla/5.0 (Windows NT 10.0; Win64; x64) AppleWebKit/537.36 (KHTML, like Gecko) Chrome/81.0.4044.113 Safari/537.36"
::1 - - [10/Jun/2020:19:46:53 +0000] "GET / HTTP/1.1" 500 - "http://localhost:5000/users/login" "Mozilla/5.0 (Windows NT 10.0; Win64; x64) AppleWebKit/537.36 (KHTML, like Gecko) Chrome/70.0.3538.102 Safari/537.36 Edge/18.18362"
::1 - - [10/Jun/2020:20:00:18 +0000] "POST /admin/add-product HTTP/1.1" 500 324 "http://localhost:5000/admin/add-product" "Mozilla/5.0 (Windows NT 10.0; Win64; x64) AppleWebKit/537.36 (KHTML, like Gecko) Chrome/70.0.3538.102 Safari/537.36 Edge/18.18362"
::1 - - [10/Jun/2020:20:45:33 +0000] "POST /admin/add-product HTTP/1.1" 500 880 "http://localhost:5000/admin/add-product" "Mozilla/5.0 (Windows NT 10.0; Win64; x64) AppleWebKit/537.36 (KHTML, like Gecko) Chrome/81.0.4044.113 Safari/537.36"
::1 - - [11/Jun/2020:04:29:02 +0000] "POST /admin/add-product HTTP/1.1" 500 - "http://localhost:5000/admin/add-product" "Mozilla/5.0 (Windows NT 10.0; Win64; x64) AppleWebKit/537.36 (KHTML, like Gecko) Chrome/81.0.4044.113 Safari/537.36"
::1 - - [11/Jun/2020:04:30:15 +0000] "POST /admin/add-product HTTP/1.1" 500 - "http://localhost:5000/admin/add-product" "Mozilla/5.0 (Windows NT 10.0; Win64; x64) AppleWebKit/537.36 (KHTML, like Gecko) Chrome/81.0.4044.113 Safari/537.36"
::1 - - [18/Aug/2020:15:06:20 +0000] "GET / HTTP/1.1" 500 - "-" "Mozilla/5.0 (Windows NT 10.0; Win64; x64) AppleWebKit/537.36 (KHTML, like Gecko) Chrome/80.0.3987.163 Safari/537.36"
::1 - - [18/Aug/2020:16:06:27 +0000] "GET /blog HTTP/1.1" 500 - "http://localhost:5000/contact" "Mozilla/5.0 (Windows NT 10.0; Win64; x64; rv:72.0) Gecko/20100101 Firefox/72.0"
::1 - - [30/Aug/2020:10:17:59 +0000] "GET / HTTP/1.1" 500 1701 "-" "Mozilla/5.0 (Windows NT 10.0; Win64; x64) AppleWebKit/537.36 (KHTML, like Gecko) Chrome/80.0.3987.163 Safari/537.36"
::1 - - [30/Aug/2020:10:18:53 +0000] "GET / HTTP/1.1" 500 1701 "-" "Mozilla/5.0 (Windows NT 10.0; Win64; x64) AppleWebKit/537.36 (KHTML, like Gecko) Chrome/80.0.3987.163 Safari/537.36"
::1 - - [30/Aug/2020:10:23:59 +0000] "GET /contact HTTP/1.1" 500 - "http://localhost:5000/portfolio" "Mozilla/5.0 (Windows NT 10.0; Win64; x64) AppleWebKit/537.36 (KHTML, like Gecko) Chrome/80.0.3987.163 Safari/537.36"
::1 - - [30/Aug/2020:10:25:51 +0000] "GET /contact HTTP/1.1" 500 - "http://localhost:5000/portfolio" "Mozilla/5.0 (Windows NT 10.0; Win64; x64) AppleWebKit/537.36 (KHTML, like Gecko) Chrome/80.0.3987.163 Safari/537.36"
